2025/06/12 07:54:08 程序启动
2025/06/12 07:54:08 自动关机程序已启动
2025/06/12 07:54:08 设置：
- 监控时间范围: 07:00 - 09:00
- 无活动关机时间: 5分钟
- 检查间隔: 5秒
2025/06/12 07:54:13 [2025-06-12 07:54:13] 开始监控系统活动，将持续到 09:00...
2025/06/12 07:54:13 空闲时间计算: 当前滴答=1523453, 上次输入滴答=1518375, 差值=5078毫秒, 转换为分钟=0.08
2025/06/12 07:54:13 启动新的关机定时器，持续时间: 5m0s
2025/06/12 07:54:13 [2025-06-12 07:54:13] 启动关机定时器，如果 5 分钟内无活动将关机
2025/06/12 07:54:13 [2025-06-12 07:54:13] 当前无活动时间: 0.08 分钟 (阈值: 5 分钟)
2025/06/12 07:54:18 空闲时间计算: 当前滴答=1528453, 上次输入滴答=1518375, 差值=10078毫秒, 转换为分钟=0.17
2025/06/12 07:54:18 [2025-06-12 07:54:18] 当前无活动时间: 0.17 分钟 (阈值: 5 分钟)
2025/06/12 07:54:23 空闲时间计算: 当前滴答=1533453, 上次输入滴答=1518375, 差值=15078毫秒, 转换为分钟=0.25
2025/06/12 07:54:23 [2025-06-12 07:54:23] 当前无活动时间: 0.25 分钟 (阈值: 5 分钟)
2025/06/12 07:54:28 空闲时间计算: 当前滴答=1538453, 上次输入滴答=1518375, 差值=20078毫秒, 转换为分钟=0.33
2025/06/12 07:54:28 [2025-06-12 07:54:28] 当前无活动时间: 0.33 分钟 (阈值: 5 分钟)
2025/06/12 07:54:33 空闲时间计算: 当前滴答=1543453, 上次输入滴答=1518375, 差值=25078毫秒, 转换为分钟=0.42
2025/06/12 07:54:33 [2025-06-12 07:54:33] 当前无活动时间: 0.42 分钟 (阈值: 5 分钟)
2025/06/12 07:54:38 空闲时间计算: 当前滴答=1548453, 上次输入滴答=1518375, 差值=30078毫秒, 转换为分钟=0.50
2025/06/12 07:54:38 [2025-06-12 07:54:38] 当前无活动时间: 0.50 分钟 (阈值: 5 分钟)
2025/06/12 07:54:43 空闲时间计算: 当前滴答=1553453, 上次输入滴答=1518375, 差值=35078毫秒, 转换为分钟=0.58
2025/06/12 07:54:43 [2025-06-12 07:54:43] 当前无活动时间: 0.58 分钟 (阈值: 5 分钟)
2025/06/12 07:54:48 空闲时间计算: 当前滴答=1558453, 上次输入滴答=1518375, 差值=40078毫秒, 转换为分钟=0.67
2025/06/12 07:54:48 [2025-06-12 07:54:48] 当前无活动时间: 0.67 分钟 (阈值: 5 分钟)
2025/06/12 07:54:53 空闲时间计算: 当前滴答=1563453, 上次输入滴答=1518375, 差值=45078毫秒, 转换为分钟=0.75
2025/06/12 07:54:53 [2025-06-12 07:54:53] 当前无活动时间: 0.75 分钟 (阈值: 5 分钟)
2025/06/12 07:54:58 空闲时间计算: 当前滴答=1568453, 上次输入滴答=1518375, 差值=50078毫秒, 转换为分钟=0.83
2025/06/12 07:54:58 [2025-06-12 07:54:58] 当前无活动时间: 0.83 分钟 (阈值: 5 分钟)
2025/06/12 07:55:03 空闲时间计算: 当前滴答=1573453, 上次输入滴答=1518375, 差值=55078毫秒, 转换为分钟=0.92
2025/06/12 07:55:03 [2025-06-12 07:55:03] 当前无活动时间: 0.92 分钟 (阈值: 5 分钟)
2025/06/12 07:55:08 空闲时间计算: 当前滴答=1578453, 上次输入滴答=1518375, 差值=60078毫秒, 转换为分钟=1.00
2025/06/12 07:55:08 [2025-06-12 07:55:08] 当前无活动时间: 1.00 分钟 (阈值: 5 分钟)
2025/06/12 07:55:13 空闲时间计算: 当前滴答=1583453, 上次输入滴答=1518375, 差值=65078毫秒, 转换为分钟=1.08
2025/06/12 07:55:13 [2025-06-12 07:55:13] 当前无活动时间: 1.08 分钟 (阈值: 5 分钟)
2025/06/12 07:55:18 空闲时间计算: 当前滴答=1588453, 上次输入滴答=1518375, 差值=70078毫秒, 转换为分钟=1.17
2025/06/12 07:55:18 [2025-06-12 07:55:18] 当前无活动时间: 1.17 分钟 (阈值: 5 分钟)
2025/06/12 07:55:23 空闲时间计算: 当前滴答=1593453, 上次输入滴答=1518375, 差值=75078毫秒, 转换为分钟=1.25
2025/06/12 07:55:23 [2025-06-12 07:55:23] 当前无活动时间: 1.25 分钟 (阈值: 5 分钟)
2025/06/12 07:55:28 空闲时间计算: 当前滴答=1598453, 上次输入滴答=1518375, 差值=80078毫秒, 转换为分钟=1.33
2025/06/12 07:55:28 [2025-06-12 07:55:28] 当前无活动时间: 1.33 分钟 (阈值: 5 分钟)
2025/06/12 07:55:33 空闲时间计算: 当前滴答=1603453, 上次输入滴答=1518375, 差值=85078毫秒, 转换为分钟=1.42
2025/06/12 07:55:33 [2025-06-12 07:55:33] 当前无活动时间: 1.42 分钟 (阈值: 5 分钟)
2025/06/12 07:55:38 空闲时间计算: 当前滴答=1608453, 上次输入滴答=1518375, 差值=90078毫秒, 转换为分钟=1.50
2025/06/12 07:55:38 [2025-06-12 07:55:38] 当前无活动时间: 1.50 分钟 (阈值: 5 分钟)
2025/06/12 07:55:43 空闲时间计算: 当前滴答=1613453, 上次输入滴答=1518375, 差值=95078毫秒, 转换为分钟=1.58
2025/06/12 07:55:43 [2025-06-12 07:55:43] 当前无活动时间: 1.58 分钟 (阈值: 5 分钟)
2025/06/12 07:55:48 空闲时间计算: 当前滴答=1618453, 上次输入滴答=1518375, 差值=100078毫秒, 转换为分钟=1.67
2025/06/12 07:55:48 [2025-06-12 07:55:48] 当前无活动时间: 1.67 分钟 (阈值: 5 分钟)
2025/06/12 07:55:53 空闲时间计算: 当前滴答=1623453, 上次输入滴答=1518375, 差值=105078毫秒, 转换为分钟=1.75
2025/06/12 07:55:53 [2025-06-12 07:55:53] 当前无活动时间: 1.75 分钟 (阈值: 5 分钟)
2025/06/12 07:55:58 空闲时间计算: 当前滴答=1628453, 上次输入滴答=1518375, 差值=110078毫秒, 转换为分钟=1.83
2025/06/12 07:55:58 [2025-06-12 07:55:58] 当前无活动时间: 1.83 分钟 (阈值: 5 分钟)
2025/06/12 07:56:03 空闲时间计算: 当前滴答=1633453, 上次输入滴答=1518375, 差值=115078毫秒, 转换为分钟=1.92
2025/06/12 07:56:03 [2025-06-12 07:56:03] 当前无活动时间: 1.92 分钟 (阈值: 5 分钟)
2025/06/12 07:56:08 空闲时间计算: 当前滴答=1638453, 上次输入滴答=1518375, 差值=120078毫秒, 转换为分钟=2.00
2025/06/12 07:56:08 [2025-06-12 07:56:08] 当前无活动时间: 2.00 分钟 (阈值: 5 分钟)
2025/06/12 07:56:13 空闲时间计算: 当前滴答=1643453, 上次输入滴答=1518375, 差值=125078毫秒, 转换为分钟=2.08
2025/06/12 07:56:13 [2025-06-12 07:56:13] 当前无活动时间: 2.08 分钟 (阈值: 5 分钟)
2025/06/12 07:56:18 空闲时间计算: 当前滴答=1648453, 上次输入滴答=1518375, 差值=130078毫秒, 转换为分钟=2.17
2025/06/12 07:56:18 [2025-06-12 07:56:18] 当前无活动时间: 2.17 分钟 (阈值: 5 分钟)
2025/06/12 07:56:23 空闲时间计算: 当前滴答=1653453, 上次输入滴答=1518375, 差值=135078毫秒, 转换为分钟=2.25
2025/06/12 07:56:23 [2025-06-12 07:56:23] 当前无活动时间: 2.25 分钟 (阈值: 5 分钟)
2025/06/12 07:56:28 空闲时间计算: 当前滴答=1658453, 上次输入滴答=1518375, 差值=140078毫秒, 转换为分钟=2.33
2025/06/12 07:56:28 [2025-06-12 07:56:28] 当前无活动时间: 2.33 分钟 (阈值: 5 分钟)
2025/06/12 07:56:33 空闲时间计算: 当前滴答=1663453, 上次输入滴答=1518375, 差值=145078毫秒, 转换为分钟=2.42
2025/06/12 07:56:33 [2025-06-12 07:56:33] 当前无活动时间: 2.42 分钟 (阈值: 5 分钟)
2025/06/12 07:56:38 空闲时间计算: 当前滴答=1668453, 上次输入滴答=1518375, 差值=150078毫秒, 转换为分钟=2.50
2025/06/12 07:56:38 [2025-06-12 07:56:38] 当前无活动时间: 2.50 分钟 (阈值: 5 分钟)
2025/06/12 07:56:43 空闲时间计算: 当前滴答=1673453, 上次输入滴答=1518375, 差值=155078毫秒, 转换为分钟=2.58
2025/06/12 07:56:43 [2025-06-12 07:56:43] 当前无活动时间: 2.58 分钟 (阈值: 5 分钟)
2025/06/12 07:56:48 空闲时间计算: 当前滴答=1678453, 上次输入滴答=1518375, 差值=160078毫秒, 转换为分钟=2.67
2025/06/12 07:56:48 [2025-06-12 07:56:48] 当前无活动时间: 2.67 分钟 (阈值: 5 分钟)
2025/06/12 07:56:53 空闲时间计算: 当前滴答=1683453, 上次输入滴答=1518375, 差值=165078毫秒, 转换为分钟=2.75
2025/06/12 07:56:53 [2025-06-12 07:56:53] 当前无活动时间: 2.75 分钟 (阈值: 5 分钟)
2025/06/12 07:56:58 空闲时间计算: 当前滴答=1688453, 上次输入滴答=1518375, 差值=170078毫秒, 转换为分钟=2.83
2025/06/12 07:56:58 [2025-06-12 07:56:58] 当前无活动时间: 2.83 分钟 (阈值: 5 分钟)
2025/06/12 07:57:03 空闲时间计算: 当前滴答=1693453, 上次输入滴答=1518375, 差值=175078毫秒, 转换为分钟=2.92
2025/06/12 07:57:03 [2025-06-12 07:57:03] 当前无活动时间: 2.92 分钟 (阈值: 5 分钟)
2025/06/12 07:57:08 空闲时间计算: 当前滴答=1698453, 上次输入滴答=1518375, 差值=180078毫秒, 转换为分钟=3.00
2025/06/12 07:57:08 [2025-06-12 07:57:08] 当前无活动时间: 3.00 分钟 (阈值: 5 分钟)
2025/06/12 07:57:13 空闲时间计算: 当前滴答=1703453, 上次输入滴答=1518375, 差值=185078毫秒, 转换为分钟=3.08
2025/06/12 07:57:13 [2025-06-12 07:57:13] 当前无活动时间: 3.08 分钟 (阈值: 5 分钟)
2025/06/12 07:57:18 空闲时间计算: 当前滴答=1708453, 上次输入滴答=1518375, 差值=190078毫秒, 转换为分钟=3.17
2025/06/12 07:57:18 [2025-06-12 07:57:18] 当前无活动时间: 3.17 分钟 (阈值: 5 分钟)
2025/06/12 07:57:23 空闲时间计算: 当前滴答=1713453, 上次输入滴答=1518375, 差值=195078毫秒, 转换为分钟=3.25
2025/06/12 07:57:23 [2025-06-12 07:57:23] 当前无活动时间: 3.25 分钟 (阈值: 5 分钟)
2025/06/12 07:57:28 空闲时间计算: 当前滴答=1718453, 上次输入滴答=1518375, 差值=200078毫秒, 转换为分钟=3.33
2025/06/12 07:57:28 [2025-06-12 07:57:28] 当前无活动时间: 3.33 分钟 (阈值: 5 分钟)
2025/06/12 07:57:33 空闲时间计算: 当前滴答=1723453, 上次输入滴答=1518375, 差值=205078毫秒, 转换为分钟=3.42
2025/06/12 07:57:33 [2025-06-12 07:57:33] 当前无活动时间: 3.42 分钟 (阈值: 5 分钟)
2025/06/12 07:57:38 空闲时间计算: 当前滴答=1728453, 上次输入滴答=1518375, 差值=210078毫秒, 转换为分钟=3.50
2025/06/12 07:57:38 [2025-06-12 07:57:38] 当前无活动时间: 3.50 分钟 (阈值: 5 分钟)
2025/06/12 07:57:43 空闲时间计算: 当前滴答=1733453, 上次输入滴答=1518375, 差值=215078毫秒, 转换为分钟=3.58
2025/06/12 07:57:43 [2025-06-12 07:57:43] 当前无活动时间: 3.58 分钟 (阈值: 5 分钟)
2025/06/12 07:57:48 空闲时间计算: 当前滴答=1738453, 上次输入滴答=1518375, 差值=220078毫秒, 转换为分钟=3.67
2025/06/12 07:57:48 [2025-06-12 07:57:48] 当前无活动时间: 3.67 分钟 (阈值: 5 分钟)
2025/06/12 07:57:53 空闲时间计算: 当前滴答=1743453, 上次输入滴答=1518375, 差值=225078毫秒, 转换为分钟=3.75
2025/06/12 07:57:53 [2025-06-12 07:57:53] 当前无活动时间: 3.75 分钟 (阈值: 5 分钟)
2025/06/12 07:57:58 空闲时间计算: 当前滴答=1748453, 上次输入滴答=1518375, 差值=230078毫秒, 转换为分钟=3.83
2025/06/12 07:57:58 [2025-06-12 07:57:58] 当前无活动时间: 3.83 分钟 (阈值: 5 分钟)
2025/06/12 07:58:03 空闲时间计算: 当前滴答=1753453, 上次输入滴答=1518375, 差值=235078毫秒, 转换为分钟=3.92
2025/06/12 07:58:03 [2025-06-12 07:58:03] 当前无活动时间: 3.92 分钟 (阈值: 5 分钟)
2025/06/12 07:58:08 空闲时间计算: 当前滴答=1758453, 上次输入滴答=1518375, 差值=240078毫秒, 转换为分钟=4.00
2025/06/12 07:58:08 [2025-06-12 07:58:08] 当前无活动时间: 4.00 分钟 (阈值: 5 分钟)
2025/06/12 07:58:13 空闲时间计算: 当前滴答=1763453, 上次输入滴答=1518375, 差值=245078毫秒, 转换为分钟=4.08
2025/06/12 07:58:13 [2025-06-12 07:58:13] 当前无活动时间: 4.08 分钟 (阈值: 5 分钟)
2025/06/12 07:58:18 空闲时间计算: 当前滴答=1768453, 上次输入滴答=1518375, 差值=250078毫秒, 转换为分钟=4.17
2025/06/12 07:58:18 [2025-06-12 07:58:18] 当前无活动时间: 4.17 分钟 (阈值: 5 分钟)
2025/06/12 07:58:23 空闲时间计算: 当前滴答=1773453, 上次输入滴答=1518375, 差值=255078毫秒, 转换为分钟=4.25
2025/06/12 07:58:23 [2025-06-12 07:58:23] 当前无活动时间: 4.25 分钟 (阈值: 5 分钟)
2025/06/12 07:58:28 空闲时间计算: 当前滴答=1778453, 上次输入滴答=1518375, 差值=260078毫秒, 转换为分钟=4.33
2025/06/12 07:58:28 [2025-06-12 07:58:28] 当前无活动时间: 4.33 分钟 (阈值: 5 分钟)
2025/06/12 07:58:33 空闲时间计算: 当前滴答=1783453, 上次输入滴答=1518375, 差值=265078毫秒, 转换为分钟=4.42
2025/06/12 07:58:33 [2025-06-12 07:58:33] 当前无活动时间: 4.42 分钟 (阈值: 5 分钟)
2025/06/12 07:58:38 空闲时间计算: 当前滴答=1788453, 上次输入滴答=1518375, 差值=270078毫秒, 转换为分钟=4.50
2025/06/12 07:58:38 [2025-06-12 07:58:38] 当前无活动时间: 4.50 分钟 (阈值: 5 分钟)
2025/06/12 07:58:43 空闲时间计算: 当前滴答=1793453, 上次输入滴答=1518375, 差值=275078毫秒, 转换为分钟=4.58
2025/06/12 07:58:43 [2025-06-12 07:58:43] 当前无活动时间: 4.58 分钟 (阈值: 5 分钟)
2025/06/12 07:58:48 空闲时间计算: 当前滴答=1798453, 上次输入滴答=1518375, 差值=280078毫秒, 转换为分钟=4.67
2025/06/12 07:58:48 [2025-06-12 07:58:48] 当前无活动时间: 4.67 分钟 (阈值: 5 分钟)
2025/06/12 07:58:53 空闲时间计算: 当前滴答=1803453, 上次输入滴答=1518375, 差值=285078毫秒, 转换为分钟=4.75
2025/06/12 07:58:53 [2025-06-12 07:58:53] 当前无活动时间: 4.75 分钟 (阈值: 5 分钟)
2025/06/12 07:58:58 空闲时间计算: 当前滴答=1808453, 上次输入滴答=1518375, 差值=290078毫秒, 转换为分钟=4.83
2025/06/12 07:58:58 [2025-06-12 07:58:58] 当前无活动时间: 4.83 分钟 (阈值: 5 分钟)
2025/06/12 07:59:03 空闲时间计算: 当前滴答=1813453, 上次输入滴答=1518375, 差值=295078毫秒, 转换为分钟=4.92
2025/06/12 07:59:03 [2025-06-12 07:59:03] 当前无活动时间: 4.92 分钟 (阈值: 5 分钟)
2025/06/12 07:59:08 空闲时间计算: 当前滴答=1818453, 上次输入滴答=1518375, 差值=300078毫秒, 转换为分钟=5.00
2025/06/12 07:59:08 [2025-06-12 07:59:08] 当前无活动时间: 5.00 分钟 (阈值: 5 分钟)
2025/06/12 07:59:13 空闲时间计算: 当前滴答=1823453, 上次输入滴答=1518375, 差值=305078毫秒, 转换为分钟=5.08
2025/06/12 07:59:13 [2025-06-12 07:59:13] 当前无活动时间: 5.08 分钟 (阈值: 5 分钟)
2025/06/12 07:59:13 关机定时器触发，系统将关机
2025/06/12 07:59:13 系统即将关机...
2025/06/12 07:59:18 空闲时间计算: 当前滴答=1828453, 上次输入滴答=1518375, 差值=310078毫秒, 转换为分钟=5.17
2025/06/12 07:59:18 [2025-06-12 07:59:18] 当前无活动时间: 5.17 分钟 (阈值: 5 分钟)
2025/06/12 07:59:23 空闲时间计算: 当前滴答=1833453, 上次输入滴答=1518375, 差值=315078毫秒, 转换为分钟=5.25
2025/06/12 07:59:23 [2025-06-12 07:59:23] 当前无活动时间: 5.25 分钟 (阈值: 5 分钟)
2025/06/12 07:59:28 空闲时间计算: 当前滴答=1838453, 上次输入滴答=1518375, 差值=320078毫秒, 转换为分钟=5.33
2025/06/12 07:59:28 [2025-06-12 07:59:28] 当前无活动时间: 5.33 分钟 (阈值: 5 分钟)
2025/06/12 07:59:33 空闲时间计算: 当前滴答=1843453, 上次输入滴答=1518375, 差值=325078毫秒, 转换为分钟=5.42
2025/06/12 07:59:33 [2025-06-12 07:59:33] 当前无活动时间: 5.42 分钟 (阈值: 5 分钟)
2025/06/12 07:59:38 空闲时间计算: 当前滴答=1848453, 上次输入滴答=1518375, 差值=330078毫秒, 转换为分钟=5.50
2025/06/12 07:59:38 [2025-06-12 07:59:38] 当前无活动时间: 5.50 分钟 (阈值: 5 分钟)
2025/06/12 07:59:43 空闲时间计算: 当前滴答=1853453, 上次输入滴答=1518375, 差值=335078毫秒, 转换为分钟=5.58
2025/06/12 07:59:43 [2025-06-12 07:59:43] 当前无活动时间: 5.58 分钟 (阈值: 5 分钟)
2025/06/12 07:59:48 空闲时间计算: 当前滴答=1858453, 上次输入滴答=1518375, 差值=340078毫秒, 转换为分钟=5.67
2025/06/12 07:59:48 [2025-06-12 07:59:48] 当前无活动时间: 5.67 分钟 (阈值: 5 分钟)
2025/06/12 07:59:53 空闲时间计算: 当前滴答=1863453, 上次输入滴答=1518375, 差值=345078毫秒, 转换为分钟=5.75
2025/06/12 07:59:53 [2025-06-12 07:59:53] 当前无活动时间: 5.75 分钟 (阈值: 5 分钟)
2025/06/12 07:59:58 空闲时间计算: 当前滴答=1868453, 上次输入滴答=1518375, 差值=350078毫秒, 转换为分钟=5.83
2025/06/12 07:59:58 [2025-06-12 07:59:58] 当前无活动时间: 5.83 分钟 (阈值: 5 分钟)
2025/06/12 08:00:03 空闲时间计算: 当前滴答=1873453, 上次输入滴答=1518375, 差值=355078毫秒, 转换为分钟=5.92
2025/06/12 08:00:03 [2025-06-12 08:00:03] 当前无活动时间: 5.92 分钟 (阈值: 5 分钟)
2025/06/12 08:00:08 空闲时间计算: 当前滴答=1878453, 上次输入滴答=1518375, 差值=360078毫秒, 转换为分钟=6.00
2025/06/12 08:00:08 [2025-06-12 08:00:08] 当前无活动时间: 6.00 分钟 (阈值: 5 分钟)
2025/06/12 08:00:13 空闲时间计算: 当前滴答=1883453, 上次输入滴答=1518375, 差值=365078毫秒, 转换为分钟=6.08
2025/06/12 08:00:13 [2025-06-12 08:00:13] 当前无活动时间: 6.08 分钟 (阈值: 5 分钟)
2025/06/12 08:15:10 程序启动
2025/06/12 08:15:10 自动关机程序已启动
2025/06/12 08:15:10 设置：
- 监控时间范围: 07:00 - 09:00
- 无活动关机时间: 5分钟
- 检查间隔: 5秒
2025/06/12 08:15:15 [2025-06-12 08:15:15] 开始监控系统活动，将持续到 09:00...
2025/06/12 08:15:15 空闲时间计算: 当前滴答=196984, 上次输入滴答=191953, 差值=5031毫秒, 转换为分钟=0.08
2025/06/12 08:15:15 启动新的关机定时器，持续时间: 5m0s
2025/06/12 08:15:15 [2025-06-12 08:15:15] 启动关机定时器，如果 5 分钟内无活动将关机
2025/06/12 08:15:15 [2025-06-12 08:15:15] 当前无活动时间: 0.08 分钟 (阈值: 5 分钟)
2025/06/12 08:15:20 空闲时间计算: 当前滴答=201984, 上次输入滴答=191953, 差值=10031毫秒, 转换为分钟=0.17
2025/06/12 08:15:20 [2025-06-12 08:15:20] 当前无活动时间: 0.17 分钟 (阈值: 5 分钟)
2025/06/12 08:15:25 空闲时间计算: 当前滴答=206984, 上次输入滴答=191953, 差值=15031毫秒, 转换为分钟=0.25
2025/06/12 08:15:25 [2025-06-12 08:15:25] 当前无活动时间: 0.25 分钟 (阈值: 5 分钟)
2025/06/12 08:15:30 空闲时间计算: 当前滴答=211984, 上次输入滴答=191953, 差值=20031毫秒, 转换为分钟=0.33
2025/06/12 08:15:30 [2025-06-12 08:15:30] 当前无活动时间: 0.33 分钟 (阈值: 5 分钟)
2025/06/12 08:15:35 空闲时间计算: 当前滴答=216984, 上次输入滴答=216968, 差值=16毫秒, 转换为分钟=0.00
2025/06/12 08:15:35 检测到新活动，重置定时器。上次活动时间: 08:15:15, 新活动时间: 08:15:35
2025/06/12 08:15:35 关机定时器已停止
2025/06/12 08:15:35 [2025-06-12 08:15:35] 检测到用户活动，取消关机定时器
2025/06/12 08:15:35 启动新的关机定时器，持续时间: 5m0s
2025/06/12 08:15:35 [2025-06-12 08:15:35] 启动关机定时器，如果 5 分钟内无活动将关机
2025/06/12 08:15:35 [2025-06-12 08:15:35] 当前无活动时间: 0.00 分钟 (阈值: 5 分钟)
2025/06/12 08:15:40 空闲时间计算: 当前滴答=221984, 上次输入滴答=217218, 差值=4766毫秒, 转换为分钟=0.08
2025/06/12 08:15:40 检测到新活动，重置定时器。上次活动时间: 08:15:35, 新活动时间: 08:15:35
2025/06/12 08:15:40 关机定时器已停止
2025/06/12 08:15:40 [2025-06-12 08:15:40] 检测到用户活动，取消关机定时器
2025/06/12 08:15:40 启动新的关机定时器，持续时间: 5m0s
2025/06/12 08:15:40 [2025-06-12 08:15:40] 启动关机定时器，如果 5 分钟内无活动将关机
2025/06/12 08:15:40 [2025-06-12 08:15:40] 当前无活动时间: 0.08 分钟 (阈值: 5 分钟)
2025/06/12 08:15:45 空闲时间计算: 当前滴答=226984, 上次输入滴答=226843, 差值=141毫秒, 转换为分钟=0.00
2025/06/12 08:15:45 检测到新活动，重置定时器。上次活动时间: 08:15:35, 新活动时间: 08:15:45
2025/06/12 08:15:45 关机定时器已停止
2025/06/12 08:15:45 [2025-06-12 08:15:45] 检测到用户活动，取消关机定时器
2025/06/12 08:15:45 启动新的关机定时器，持续时间: 5m0s
2025/06/12 08:15:45 [2025-06-12 08:15:45] 启动关机定时器，如果 5 分钟内无活动将关机
2025/06/12 08:15:45 [2025-06-12 08:15:45] 当前无活动时间: 0.00 分钟 (阈值: 5 分钟)
2025/06/12 08:15:50 空闲时间计算: 当前滴答=231984, 上次输入滴答=230437, 差值=1547毫秒, 转换为分钟=0.03
2025/06/12 08:15:50 检测到新活动，重置定时器。上次活动时间: 08:15:45, 新活动时间: 08:15:48
2025/06/12 08:15:50 关机定时器已停止
2025/06/12 08:15:50 [2025-06-12 08:15:50] 检测到用户活动，取消关机定时器
2025/06/12 08:15:50 启动新的关机定时器，持续时间: 5m0s
2025/06/12 08:15:50 [2025-06-12 08:15:50] 启动关机定时器，如果 5 分钟内无活动将关机
2025/06/12 08:15:50 [2025-06-12 08:15:50] 当前无活动时间: 0.03 分钟 (阈值: 5 分钟)
2025/06/12 08:15:55 空闲时间计算: 当前滴答=236984, 上次输入滴答=236984, 差值=0毫秒, 转换为分钟=0.00
2025/06/12 08:15:55 检测到新活动，重置定时器。上次活动时间: 08:15:48, 新活动时间: 08:15:55
2025/06/12 08:15:55 关机定时器已停止
2025/06/12 08:15:55 [2025-06-12 08:15:55] 检测到用户活动，取消关机定时器
2025/06/12 08:15:55 启动新的关机定时器，持续时间: 5m0s
2025/06/12 08:15:55 [2025-06-12 08:15:55] 启动关机定时器，如果 5 分钟内无活动将关机
2025/06/12 08:15:55 [2025-06-12 08:15:55] 当前无活动时间: 0.00 分钟 (阈值: 5 分钟)
2025/06/12 08:16:00 空闲时间计算: 当前滴答=241984, 上次输入滴答=237546, 差值=4438毫秒, 转换为分钟=0.07
2025/06/12 08:16:00 检测到新活动，重置定时器。上次活动时间: 08:15:55, 新活动时间: 08:15:55
2025/06/12 08:16:00 关机定时器已停止
2025/06/12 08:16:00 [2025-06-12 08:16:00] 检测到用户活动，取消关机定时器
2025/06/12 08:16:00 启动新的关机定时器，持续时间: 5m0s
2025/06/12 08:16:00 [2025-06-12 08:16:00] 启动关机定时器，如果 5 分钟内无活动将关机
2025/06/12 08:16:00 [2025-06-12 08:16:00] 当前无活动时间: 0.07 分钟 (阈值: 5 分钟)
2025/06/12 08:16:05 空闲时间计算: 当前滴答=246984, 上次输入滴答=237546, 差值=9438毫秒, 转换为分钟=0.16
2025/06/12 08:16:05 [2025-06-12 08:16:05] 当前无活动时间: 0.16 分钟 (阈值: 5 分钟)
2025/06/12 08:16:10 空闲时间计算: 当前滴答=251984, 上次输入滴答=250843, 差值=1141毫秒, 转换为分钟=0.02
2025/06/12 08:16:10 检测到新活动，重置定时器。上次活动时间: 08:15:55, 新活动时间: 08:16:09
2025/06/12 08:16:10 关机定时器已停止
2025/06/12 08:16:10 [2025-06-12 08:16:10] 检测到用户活动，取消关机定时器
2025/06/12 08:16:10 启动新的关机定时器，持续时间: 5m0s
2025/06/12 08:16:10 [2025-06-12 08:16:10] 启动关机定时器，如果 5 分钟内无活动将关机
2025/06/12 08:16:10 [2025-06-12 08:16:10] 当前无活动时间: 0.02 分钟 (阈值: 5 分钟)
2025/06/12 08:16:15 空闲时间计算: 当前滴答=256984, 上次输入滴答=250843, 差值=6141毫秒, 转换为分钟=0.10
2025/06/12 08:16:15 [2025-06-12 08:16:15] 当前无活动时间: 0.10 分钟 (阈值: 5 分钟)
2025/06/12 08:16:20 空闲时间计算: 当前滴答=261984, 上次输入滴答=261890, 差值=94毫秒, 转换为分钟=0.00
2025/06/12 08:16:20 检测到新活动，重置定时器。上次活动时间: 08:16:09, 新活动时间: 08:16:20
2025/06/12 08:16:20 关机定时器已停止
2025/06/12 08:16:20 [2025-06-12 08:16:20] 检测到用户活动，取消关机定时器
2025/06/12 08:16:20 启动新的关机定时器，持续时间: 5m0s
2025/06/12 08:16:20 [2025-06-12 08:16:20] 启动关机定时器，如果 5 分钟内无活动将关机
2025/06/12 08:16:20 [2025-06-12 08:16:20] 当前无活动时间: 0.00 分钟 (阈值: 5 分钟)
2025/06/12 08:16:25 空闲时间计算: 当前滴答=266984, 上次输入滴答=266984, 差值=0毫秒, 转换为分钟=0.00
2025/06/12 08:16:25 检测到新活动，重置定时器。上次活动时间: 08:16:20, 新活动时间: 08:16:25
2025/06/12 08:16:25 关机定时器已停止
2025/06/12 08:16:25 [2025-06-12 08:16:25] 检测到用户活动，取消关机定时器
2025/06/12 08:16:25 启动新的关机定时器，持续时间: 5m0s
2025/06/12 08:16:25 [2025-06-12 08:16:25] 启动关机定时器，如果 5 分钟内无活动将关机
2025/06/12 08:16:25 [2025-06-12 08:16:25] 当前无活动时间: 0.00 分钟 (阈值: 5 分钟)
2025/06/12 08:16:30 空闲时间计算: 当前滴答=271984, 上次输入滴答=271859, 差值=125毫秒, 转换为分钟=0.00
2025/06/12 08:16:30 检测到新活动，重置定时器。上次活动时间: 08:16:25, 新活动时间: 08:16:30
2025/06/12 08:16:30 关机定时器已停止
2025/06/12 08:16:30 [2025-06-12 08:16:30] 检测到用户活动，取消关机定时器
2025/06/12 08:16:30 启动新的关机定时器，持续时间: 5m0s
2025/06/12 08:16:30 [2025-06-12 08:16:30] 启动关机定时器，如果 5 分钟内无活动将关机
2025/06/12 08:16:30 [2025-06-12 08:16:30] 当前无活动时间: 0.00 分钟 (阈值: 5 分钟)
